<?xml version="1.0" encoding="UTF-8"?>
<testsuite name="runner.TestRunner" time="0.959" tests="10" errors="0" skipped="0" failures="0">
  <properties>
    <property name="java.runtime.name" value="Java(TM) SE Runtime Environment"/>
    <property name="homepage_title" value="RBS"/>
    <property name="cucumber.options" value="--tags @Clicking_On_Logo.RNL"/>
    <property name="java.vm.version" value="11.0.9+7-LTS"/>
    <property name="sun.boot.library.path" value="C:\Program Files\Java\jdk-11.0.9\bin"/>
    <property name="browser" value="chrome"/>
    <property name="url" value="https://rbsbusinesshub.com/"/>
    <property name="maven.multiModuleProjectDirectory" value="C:\Users\Venkata.Kunchala\OneDrive - GlobalData PLC\Desktop\jenkin testing url git hub code\parameterized"/>
    <property name="java.vm.vendor" value="Oracle Corporation"/>
    <property name="java.vendor.url" value="https://openjdk.java.net/"/>
    <property name="guice.disable.misplaced.annotation.check" value="true"/>
    <property name="path.separator" value=";"/>
    <property name="java.vm.name" value="Java HotSpot(TM) 64-Bit Server VM"/>
    <property name="sun.os.patch.level" value=""/>
    <property name="user.script" value=""/>
    <property name="user.country" value="IN"/>
    <property name="sun.java.launcher" value="SUN_STANDARD"/>
    <property name="java.vm.specification.name" value="Java Virtual Machine Specification"/>
    <property name="user.dir" value="C:\Users\Venkata.Kunchala\OneDrive - GlobalData PLC\Desktop\jenkin testing url git hub code\parameterized"/>
    <property name="java.vm.compressedOopsMode" value="Zero based"/>
    <property name="java.runtime.version" value="11.0.9+7-LTS"/>
    <property name="java.awt.graphicsenv" value="sun.awt.Win32GraphicsEnvironment"/>
    <property name="os.arch" value="amd64"/>
    <property name="java.io.tmpdir" value="C:\Users\VENKAT~1.KUN\AppData\Local\Temp\"/>
    <property name="line.separator" value="&#10;"/>
    <property name="java.vm.specification.vendor" value="Oracle Corporation"/>
    <property name="user.variant" value=""/>
    <property name="os.name" value="Windows 10"/>
    <property name="classworlds.conf" value="C:\Users\Venkata.Kunchala\Downloads\apache-maven-3.8.1-bin\apache-maven-3.8.1\bin\..\bin\m2.conf"/>
    <property name="sun.jnu.encoding" value="Cp1252"/>
    <property name="java.library.path" value="C:\Program Files\Java\jdk-11.0.9\bin;C:\WINDOWS\Sun\Java\bin;C:\WINDOWS\system32;C:\WINDOWS;C:\Users\Venkata.Kunchala\Downloads\apache-maven-3.8.1-bin\apache-maven-3.8.1/bin;C:\Program Files\Java\jdk-11.0.9/bin;C:\Program Files\Java\jdk-11.0.9/bin;C:\Program Files\Common Files\Oracle\Java\javapath;C:\Program Files (x86)\Common Files\Oracle\Java\javapath;C:\WINDOWS\system32;C:\WINDOWS;C:\WINDOWS\System32\Wbem;C:\WINDOWS\System32\WindowsPowerShell\v1.0\;C:\WINDOWS\System32\OpenSSH\;C:\Program Files\Java\jdk-11.0.9\bin;C:\Program Files (x86)\Java\jdk1.8.0_271\bin;C:\Program Files (x86)\Java\jre1.8.0_271\lib;C:\Program Files\apache-maven-3.8.1\bin;C:\Program Files\apache-maven-3.8.1;C:\Users\Venkata.Kunchala\AppData\Local\Microsoft\WindowsApps;C:\Users\Venkata.Kunchala\AppData\Local\Programs\Git\cmd;;."/>
    <property name="maven.conf" value="C:\Users\Venkata.Kunchala\Downloads\apache-maven-3.8.1-bin\apache-maven-3.8.1\bin\../conf"/>
    <property name="jdk.debug" value="release"/>
    <property name="java.class.version" value="55.0"/>
    <property name="java.specification.name" value="Java Platform API Specification"/>
    <property name="sun.management.compiler" value="HotSpot 64-Bit Tiered Compilers"/>
    <property name="os.version" value="10.0"/>
    <property name="library.jansi.path" value="C:\Users\Venkata.Kunchala\Downloads\apache-maven-3.8.1-bin\apache-maven-3.8.1\bin\..\lib\jansi-native"/>
    <property name="user.home" value="C:\Users\Venkata.Kunchala"/>
    <property name="user.timezone" value="Asia/Calcutta"/>
    <property name="java.awt.printerjob" value="sun.awt.windows.WPrinterJob"/>
    <property name="file.encoding" value="Cp1252"/>
    <property name="java.specification.version" value="11"/>
    <property name="user.name" value="Venkata.Kunchala"/>
    <property name="java.class.path" value="C:\Users\Venkata.Kunchala\Downloads\apache-maven-3.8.1-bin\apache-maven-3.8.1\bin\..\boot\plexus-classworlds-2.6.0.jar"/>
    <property name="java.vm.specification.version" value="11"/>
    <property name="sun.arch.data.model" value="64"/>
    <property name="sun.java.command" value="org.codehaus.plexus.classworlds.launcher.Launcher test -Durl=https://rbsbusinesshub.com/ -Dbrowser=chrome -Dhomepage_title=RBS -Dcucumber.options=--tags @Clicking_On_Logo.RNL"/>
    <property name="java.home" value="C:\Program Files\Java\jdk-11.0.9"/>
    <property name="user.language" value="en"/>
    <property name="java.specification.vendor" value="Oracle Corporation"/>
    <property name="awt.toolkit" value="sun.awt.windows.WToolkit"/>
    <property name="java.vm.info" value="mixed mode"/>
    <property name="java.version" value="11.0.9"/>
    <property name="java.vendor" value="Oracle Corporation"/>
    <property name="maven.home" value="C:\Users\Venkata.Kunchala\Downloads\apache-maven-3.8.1-bin\apache-maven-3.8.1\bin\.."/>
    <property name="file.separator" value="\"/>
    <property name="java.version.date" value="2020-10-20"/>
    <property name="java.vendor.url.bug" value="https://bugreport.java.com/bugreport/"/>
    <property name="sun.io.unicode.encoding" value="UnicodeLittle"/>
    <property name="sun.cpu.endian" value="little"/>
    <property name="java.vendor.version" value="18.9"/>
    <property name="sun.desktop" value="windows"/>
    <property name="sun.cpu.isalist" value="amd64"/>
  </properties>
  <testcase name="Given Open site in &quot;chrome&quot;" classname="| chrome |" time="0.001"/>
  <testcase name="Then navigate to the site" classname="| chrome |" time="0"/>
  <testcase name="Then verify the home page title" classname="| chrome |" time="0"/>
  <testcase name="Then verify the home page title" classname="| chrome |" time="0"/>
  <testcase name="And Accept the cookies" classname="| chrome |" time="0"/>
  <testcase name="Then Click Linkden for logging in" classname="| chrome |" time="0"/>
  <testcase name="Then Click on the profile icon at the top right of the page" classname="| chrome |" time="0"/>
  <testcase name="Then Click on Bank logo" classname="| chrome |" time="0"/>
  <testcase name="Then verify home page title after clicking on logo" classname="| chrome |" time="0"/>
  <testcase name="| chrome |" classname="| chrome |" time="0.958"/>
</testsuite>